2014-11-25 18:28:54 [-][-][-][error][yii\base\ErrorException:32] exception 'yii\base\ErrorException' with message 'Module 'json' already loaded' in Unknown:0
Stack trace:
#0 {main}
2014-11-25 18:28:48 [-][-][-][info][application] $_SERVER = [
    'XDG_VTNR' => '7'
    'LC_PAPER' => 'de_DE.UTF-8'
    'LC_ADDRESS' => 'de_DE.UTF-8'
    'XDG_SESSION_ID' => 'c3'
    'XDG_GREETER_DATA_DIR' => '/var/lib/lightdm-data/kent'
    'SELINUX_INIT' => 'YES'
    'LC_MONETARY' => 'de_DE.UTF-8'
    'CLUTTER_IM_MODULE' => 'xim'
    'SESSION' => 'ubuntu'
    'GPG_AGENT_INFO' => '/run/user/1000/keyring-Xp99Ro/gpg:0:1'
    'TERM' => 'xterm'
    'VTE_VERSION' => '3409'
    'XDG_MENU_PREFIX' => 'gnome-'
    'SHELL' => '/bin/bash'
    'DERBY_HOME' => '/usr/lib/jvm/java-8-oracle/db'
    'WINDOWID' => '69206027'
    'LC_NUMERIC' => 'de_DE.UTF-8'
    'UPSTART_SESSION' => 'unix:abstract=/com/ubuntu/upstart-session/1000/1913'
    'GNOME_KEYRING_CONTROL' => '/run/user/1000/keyring-Xp99Ro'
    'GTK_MODULES' => 'overlay-scrollbar:unity-gtk-module'
    'USER' => 'kent'
    'LS_COLORS' => 'rs=0:di=01;34:ln=01;36:mh=00:pi=40;33:so=01;35:do=01;35:bd=40;33;01:cd=40;33;01:or=40;31;01:su=37;41:sg=30;43:ca=30;41:tw=30;42:ow=34;42:st=37;44:ex=01;32:*.tar=01;31:*.tgz=01;31:*.arj=01;31:*.taz=01;31:*.lzh=01;31:*.lzma=01;31:*.tlz=01;31:*.txz=01;31:*.zip=01;31:*.z=01;31:*.Z=01;31:*.dz=01;31:*.gz=01;31:*.lz=01;31:*.xz=01;31:*.bz2=01;31:*.bz=01;31:*.tbz=01;31:*.tbz2=01;31:*.tz=01;31:*.deb=01;31:*.rpm=01;31:*.jar=01;31:*.war=01;31:*.ear=01;31:*.sar=01;31:*.rar=01;31:*.ace=01;31:*.zoo=01;31:*.cpio=01;31:*.7z=01;31:*.rz=01;31:*.jpg=01;35:*.jpeg=01;35:*.gif=01;35:*.bmp=01;35:*.pbm=01;35:*.pgm=01;35:*.ppm=01;35:*.tga=01;35:*.xbm=01;35:*.xpm=01;35:*.tif=01;35:*.tiff=01;35:*.png=01;35:*.svg=01;35:*.svgz=01;35:*.mng=01;35:*.pcx=01;35:*.mov=01;35:*.mpg=01;35:*.mpeg=01;35:*.m2v=01;35:*.mkv=01;35:*.webm=01;35:*.ogm=01;35:*.mp4=01;35:*.m4v=01;35:*.mp4v=01;35:*.vob=01;35:*.qt=01;35:*.nuv=01;35:*.wmv=01;35:*.asf=01;35:*.rm=01;35:*.rmvb=01;35:*.flc=01;35:*.avi=01;35:*.fli=01;35:*.flv=01;35:*.gl=01;35:*.dl=01;35:*.xcf=01;35:*.xwd=01;35:*.yuv=01;35:*.cgm=01;35:*.emf=01;35:*.axv=01;35:*.anx=01;35:*.ogv=01;35:*.ogx=01;35:*.aac=00;36:*.au=00;36:*.flac=00;36:*.mid=00;36:*.midi=00;36:*.mka=00;36:*.mp3=00;36:*.mpc=00;36:*.ogg=00;36:*.ra=00;36:*.wav=00;36:*.axa=00;36:*.oga=00;36:*.spx=00;36:*.xspf=00;36:'
    'LC_TELEPHONE' => 'de_DE.UTF-8'
    'XDG_SESSION_PATH' => '/org/freedesktop/DisplayManager/Session0'
    'XDG_SEAT_PATH' => '/org/freedesktop/DisplayManager/Seat0'
    'SSH_AUTH_SOCK' => '/run/user/1000/keyring-Xp99Ro/ssh'
    'DEFAULTS_PATH' => '/usr/share/gconf/ubuntu.default.path'
    'SESSION_MANAGER' => 'local/kent-ThinkPad-Edge-E135:@/tmp/.ICE-unix/2077,unix/kent-ThinkPad-Edge-E135:/tmp/.ICE-unix/2077'
    'PAGER' => 'most'
    'XDG_CONFIG_DIRS' => '/etc/xdg/xdg-ubuntu:/usr/share/upstart/xdg:/etc/xdg'
    'DESKTOP_SESSION' => 'ubuntu'
    'PATH' => '/usr/local/sbin:/usr/local/bin:/usr/sbin:/usr/bin:/sbin:/bin:/usr/games:/usr/local/games:/usr/lib/jvm/java-8-oracle/bin:/usr/lib/jvm/java-8-oracle/db/bin:/usr/lib/jvm/java-8-oracle/jre/bin'
    'QT_IM_MODULE' => 'ibus'
    'QT_QPA_PLATFORMTHEME' => 'appmenu-qt5'
    'LC_IDENTIFICATION' => 'de_DE.UTF-8'
    'PWD' => '/home/kent/Projects/Web/fksk'
    'JOB' => 'dbus'
    'XMODIFIERS' => '@im=ibus'
    'JAVA_HOME' => '/usr/lib/jvm/java-8-oracle'
    'GNOME_KEYRING_PID' => '1911'
    'LANG' => 'en_US.UTF-8'
    'GDM_LANG' => 'en'
    'MANDATORY_PATH' => '/usr/share/gconf/ubuntu.mandatory.path'
    'LC_MEASUREMENT' => 'de_DE.UTF-8'
    'UBUNTU_MENUPROXY' => '1'
    'COMPIZ_CONFIG_PROFILE' => 'ubuntu'
    'IM_CONFIG_PHASE' => '1'
    'PAPERSIZE' => 'a4'
    'GDMSESSION' => 'ubuntu'
    'SESSIONTYPE' => 'gnome-session'
    'SHLVL' => '1'
    'HOME' => '/home/kent'
    'XDG_SEAT' => 'seat0'
    'LANGUAGE' => 'en'
    'GNOME_DESKTOP_SESSION_ID' => 'this-is-deprecated'
    'LOGNAME' => 'kent'
    'COMPIZ_BIN_PATH' => '/usr/bin/'
    'DBUS_SESSION_BUS_ADDRESS' => 'unix:abstract=/tmp/dbus-8xVGvLLWlh'
    'J2SDKDIR' => '/usr/lib/jvm/java-8-oracle'
    'XDG_DATA_DIRS' => '/usr/share/ubuntu:/usr/share/gnome:/usr/local/share/:/usr/share/'
    'QT4_IM_MODULE' => 'ibus'
    'LESSOPEN' => '| /usr/bin/lesspipe %s'
    'INSTANCE' => ''
    'TEXTDOMAIN' => 'im-config'
    'XDG_RUNTIME_DIR' => '/run/user/1000'
    'DISPLAY' => ':0'
    'XDG_CURRENT_DESKTOP' => 'Unity'
    'GTK_IM_MODULE' => 'ibus'
    'J2REDIR' => '/usr/lib/jvm/java-8-oracle/jre'
    'LESSCLOSE' => '/usr/bin/lesspipe %s %s'
    'LC_TIME' => 'de_DE.UTF-8'
    'TEXTDOMAINDIR' => '/usr/share/locale/'
    'LC_NAME' => 'de_DE.UTF-8'
    'XAUTHORITY' => '/home/kent/.Xauthority'
    'COLORTERM' => 'gnome-terminal'
    '_' => '/usr/bin/php5'
    'OLDPWD' => '/home/kent/Projects/Web'
    'PHP_SELF' => 'yii'
    'SCRIPT_NAME' => 'yii'
    'SCRIPT_FILENAME' => 'yii'
    'PATH_TRANSLATED' => 'yii'
    'DOCUMENT_ROOT' => ''
    'REQUEST_TIME_FLOAT' => 1416940128.5574
    'REQUEST_TIME' => 1416940128
    'argv' => [
        0 => 'yii'
        1 => 'migrate'
    ]
    'argc' => 2
]
